Arguments: 
  /usr/bin/node /usr/share/yarn/bin/yarn.js init

PATH: 
  /home/np-matt/.node/bin:/home/np-matt/.local/bin:/home/np-matt/bin:/usr/local/sbin:/usr/local/bin:/usr/sbin:/usr/bin:/sbin:/bin:/usr/games:/usr/local/games:/snap/bin:/home/np-matt/.dotnet/tools:/home/np-matt/.fzf/bin

Yarn version: 
  1.22.4

Node version: 
  12.16.2

Platform: 
  linux x64

Trace: 
  Error: canceled
      at Interface.<anonymous> (/usr/share/yarn/lib/cli.js:137008:13)
      at Interface.emit (events.js:310:20)
      at Interface._ttyWrite (readline.js:893:16)
      at ReadStream.onkeypress (readline.js:198:10)
      at ReadStream.emit (events.js:310:20)
      at emitKeys (internal/readline/utils.js:438:14)
      at emitKeys.next (<anonymous>)
      at ReadStream.onData (readline.js:1160:36)
      at ReadStream.emit (events.js:310:20)
      at addChunk (_stream_readable.js:286:12)

npm manifest: 
  No manifest

yarn manifest: 
  No manifest

Lockfile: 
  No lockfile
